<?xml version="1.0" encoding="UTF-8"?>
<!-- Generated by org.testng.reporters.JUnitXMLReporter -->
<testsuite hostname="DESKTOP-2KGBMEP" name="seleniumDemo" tests="4" failures="0" timestamp="8 May 2021 02:14:49 GMT" time="23.771" errors="0">
  <testcase name="testLogFailedCase on null(cases.testLogin)" time="0.409" classname="cases.testLogin"/>
  <testcase name="testLogFailedCase on null(cases.testLogin)" time="0.414" classname="cases.testLogin"/>
  <testcase name="testLogFailedCase on null(cases.testLogin)" time="0.398" classname="cases.testLogin"/>
  <testcase name="testLogSuccessCase on null(cases.testLogin)" time="4.07" classname="cases.testLogin"/>
</testsuite> <!-- seleniumDemo -->
