<?xml version="1.0" encoding="UTF-8"?>
<testng-results total="1" passed="1" failed="0" skipped="0">
  <reporter-output>
  </reporter-output>
  <suite started-at="2021-05-13T07:50:50Z" name="Default Suite" finished-at="2021-05-13T07:51:09Z" duration-ms="19880">
    <groups>
    </groups>
    <test started-at="2021-05-13T07:50:50Z" name="seleniumDemo" finished-at="2021-05-13T07:51:09Z" duration-ms="19880">
      <class name="cases.testLogin">
        <test-method is-config="true" signature="setUp()[pri:0, instance:null(cases.testLogin)]" started-at="2021-05-13T15:50:50Z" name="setUp" finished-at="2021-05-13T15:51:05Z" duration-ms="15521" status="PASS">
          <reporter-output>
          </reporter-output>
        </test-method> <!-- setUp -->
        <test-method signature="testLogSuccessCase()[pri:0, instance:null(cases.testLogin)]" started-at="2021-05-13T15:51:05Z" name="testLogSuccessCase" finished-at="2021-05-13T15:51:08Z" duration-ms="3054" status="PASS">
          <reporter-output>
          </reporter-output>
        </test-method> <!-- testLogSuccessCase -->
        <test-method is-config="true" signature="tearDown()[pri:0, instance:null(cases.testLogin)]" started-at="2021-05-13T15:51:08Z" name="tearDown" finished-at="2021-05-13T15:51:09Z" duration-ms="1287" status="PASS">
          <reporter-output>
          </reporter-output>
        </test-method> <!-- tearDown -->
      </class> <!-- cases.testLogin -->
    </test> <!-- seleniumDemo -->
  </suite> <!-- Default Suite -->
</testng-results>
